{"name":"Log","hostname":"41bca5dd0cc6","pid":1,"level":40,"msg":"Theme's file locales/en.json not found. ","time":"2018-12-21T17:02:03.705Z","v":0}
{"name":"Log","hostname":"41bca5dd0cc6","pid":1,"level":30,"msg":"Ghost is running in development... ","time":"2018-12-21T17:02:04.562Z","v":0}
{"name":"Log","hostname":"41bca5dd0cc6","pid":1,"level":30,"msg":"Listening on: 0.0.0.0:2368 ","time":"2018-12-21T17:02:04.563Z","v":0}
{"name":"Log","hostname":"41bca5dd0cc6","pid":1,"level":30,"msg":"Url configured as: http://localhost:2368/ ","time":"2018-12-21T17:02:04.564Z","v":0}
{"name":"Log","hostname":"41bca5dd0cc6","pid":1,"level":30,"msg":"Ctrl+C to shut down ","time":"2018-12-21T17:02:04.564Z","v":0}
{"name":"Log","hostname":"41bca5dd0cc6","pid":1,"level":30,"msg":"Ghost boot 4.38s ","time":"2018-12-21T17:02:04.567Z","v":0}
{"name":"Log","hostname":"41bca5dd0cc6","pid":1,"level":40,"msg":"Ghost has shut down ","time":"2018-12-21T17:03:02.719Z","v":0}
{"name":"Log","hostname":"01b5cb9c5478","pid":1,"level":40,"msg":"Theme's file locales/en.json not found. ","time":"2018-12-21T17:03:22.794Z","v":0}
{"name":"Log","hostname":"01b5cb9c5478","pid":1,"level":30,"msg":"Ghost is running in development... ","time":"2018-12-21T17:03:23.240Z","v":0}
{"name":"Log","hostname":"01b5cb9c5478","pid":1,"level":30,"msg":"Listening on: 0.0.0.0:2368 ","time":"2018-12-21T17:03:23.242Z","v":0}
{"name":"Log","hostname":"01b5cb9c5478","pid":1,"level":30,"msg":"Url configured as: http://localhost:2368/ ","time":"2018-12-21T17:03:23.243Z","v":0}
{"name":"Log","hostname":"01b5cb9c5478","pid":1,"level":30,"msg":"Ctrl+C to shut down ","time":"2018-12-21T17:03:23.244Z","v":0}
{"name":"Log","hostname":"01b5cb9c5478","pid":1,"level":30,"msg":"Ghost boot 2.522s ","time":"2018-12-21T17:03:23.247Z","v":0}
{"name":"Log","hostname":"01b5cb9c5478","pid":1,"level":40,"msg":"Theme's file locales/en.json not found. ","time":"2018-12-21T17:03:48.047Z","v":0}
{"name":"Log","hostname":"01b5cb9c5478","pid":1,"level":30,"msg":"Ghost is running in development... ","time":"2018-12-21T17:03:48.489Z","v":0}
{"name":"Log","hostname":"01b5cb9c5478","pid":1,"level":30,"msg":"Listening on: 0.0.0.0:2368 ","time":"2018-12-21T17:03:48.491Z","v":0}
{"name":"Log","hostname":"01b5cb9c5478","pid":1,"level":30,"msg":"Url configured as: http://localhost:2368/ ","time":"2018-12-21T17:03:48.491Z","v":0}
{"name":"Log","hostname":"01b5cb9c5478","pid":1,"level":30,"msg":"Ctrl+C to shut down ","time":"2018-12-21T17:03:48.492Z","v":0}
{"name":"Log","hostname":"01b5cb9c5478","pid":1,"level":30,"msg":"Ghost boot 3.162s ","time":"2018-12-21T17:03:48.495Z","v":0}
{"name":"Log","hostname":"01b5cb9c5478","pid":1,"level":40,"msg":"Ghost has shut down ","time":"2018-12-21T17:04:46.065Z","v":0}
